2014-01-12 11:05:45 Error: [MissingConnectionException] Database connection "Mysql" is missing, or could not be created.
Exception Attributes: array (
  'class' => 'Mysql',
  'message' => 'SQLSTATE[28000] [1045] Access denied for user \'idreams1_artfan\'@\'localhost\' (using password: YES)',
  'enabled' => true,
)
Request URL: /
Stack Trace:
#0 /var/www/clients/client2/web93/web/artfan/lib/Cake/Model/Datasource/DboSource.php(262): Mysql->connect()
#1 /var/www/clients/client2/web93/web/artfan/lib/Cake/Model/ConnectionManager.php(107): DboSource->__construct(Array)
#2 /var/www/clients/client2/web93/web/artfan/lib/Cake/Model/Model.php(3222): ConnectionManager::getDataSource('default')
#3 /var/www/clients/client2/web93/web/artfan/lib/Cake/Model/Model.php(1108): Model->setDataSource('default')
#4 /var/www/clients/client2/web93/web/artfan/lib/Cake/Model/Model.php(3244): Model->setSource('products')
#5 /var/www/clients/client2/web93/web/artfan/lib/Cake/Model/Model.php(2697): Model->getDataSource()
#6 /var/www/clients/client2/web93/web/artfan/app/Controller/PagesController.php(207): Model->find('all', Array)
#7 /var/www/clients/client2/web93/web/artfan/app/Controller/PagesController.php(109): PagesController->getProducts()
#8 [internal function]: PagesController->display('home')
#9 /var/www/clients/client2/web93/web/artfan/lib/Cake/Controller/Controller.php(486): ReflectionMethod->invokeArgs(Object(PagesController), Array)
#10 /var/www/clients/client2/web93/web/artfan/lib/Cake/Routing/Dispatcher.php(187): Controller->invokeAction(Object(CakeRequest))
#11 /var/www/clients/client2/web93/web/artfan/lib/Cake/Routing/Dispatcher.php(162): Dispatcher->_invoke(Object(PagesController), Object(CakeRequest), Object(CakeResponse))
#12 /var/www/clients/client2/web93/web/artfan/app/webroot/index.php(110): Dispatcher->dispatch(Object(CakeRequest), Object(CakeResponse))
#13 {main}
2014-01-12 11:05:45 Error: [MissingControllerException] Controller class CssController could not be found.
Exception Attributes: array (
  'class' => 'CssController',
  'plugin' => NULL,
)
Request URL: /css/cake.generic.css
Stack Trace:
#0 /var/www/clients/client2/web93/web/artfan/app/webroot/index.php(110): Dispatcher->dispatch(Object(CakeRequest), Object(CakeResponse))
#1 {main}
